Build started 26/10/2015 14:13:28.
     1>Project "C:\Users\corentin\Documents\Docs Corentin\Cours 3A 2k15-2k16\Prog Av\Projet\Cells\Bubulles\Agar\Carre.vcxproj" on node 2 (Build target(s)).
     1>C:\Program Files (x86)\MSBuild\Microsoft.Cpp\v4.0\V140\Microsoft.CppBuild.targets(368,5): warning MSB8004: Output Directory does not end with a trailing slash.  This build instance will add the slash as it is required to allow proper evaluation of the Output Directory.
     1>ClCompile:
         C:\Program Files (x86)\Microsoft Visual Studio 14.0\VC\bin\CL.exe /c /I..\SFML\include /ZI /nologo /W3 /WX- /sdl /Od /Oy- /D WIN32 /D _DEBUG /D _CONSOLE /D _LIB /D _UNICODE /D UNICODE /Gm /EHsc /RTC1 /MDd /GS /fp:precise /Zc:wchar_t /Zc:forScope /Zc:inline /Fo"Debug\\" /Fd"Debug\vc140.pdb" /Gd /TP /analyze- /errorReport:prompt Cell.cpp Entity.cpp Food.cpp Player.cpp main.cpp
         main.cpp
     1>c:\users\corentin\documents\docs corentin\cours 3a 2k15-2k16\prog av\projet\cells\bubulles\agar\main.cpp(44): warning C4018: '<': signed/unsigned mismatch
     1>c:\users\corentin\documents\docs corentin\cours 3a 2k15-2k16\prog av\projet\cells\bubulles\agar\main.cpp(111): warning C4018: '<': signed/unsigned mismatch
     1>c:\users\corentin\documents\docs corentin\cours 3a 2k15-2k16\prog av\projet\cells\bubulles\agar\main.cpp(119): warning C4018: '<': signed/unsigned mismatch
     1>c:\users\corentin\documents\docs corentin\cours 3a 2k15-2k16\prog av\projet\cells\bubulles\agar\main.cpp(126): warning C4018: '<': signed/unsigned mismatch
     1>c:\users\corentin\documents\docs corentin\cours 3a 2k15-2k16\prog av\projet\cells\bubulles\agar\main.cpp(136): warning C4018: '<': signed/unsigned mismatch
         Player.cpp
     1>c:\users\corentin\documents\docs corentin\cours 3a 2k15-2k16\prog av\projet\cells\bubulles\agar\player.cpp(15): warning C4018: '<': signed/unsigned mismatch
     1>c:\users\corentin\documents\docs corentin\cours 3a 2k15-2k16\prog av\projet\cells\bubulles\agar\player.cpp(57): warning C4018: '<': signed/unsigned mismatch
     1>c:\users\corentin\documents\docs corentin\cours 3a 2k15-2k16\prog av\projet\cells\bubulles\agar\player.cpp(66): warning C4018: '<': signed/unsigned mismatch
         Food.cpp
     1>c:\users\corentin\documents\docs corentin\cours 3a 2k15-2k16\prog av\projet\cells\bubulles\agar\food.cpp(10): warning C4244: 'argument': conversion from 'int' to 'float', possible loss of data
         Entity.cpp
     1>c:\users\corentin\documents\docs corentin\cours 3a 2k15-2k16\prog av\projet\cells\bubulles\agar\entity.cpp(59): warning C4244: '=': conversion from 'double' to 'float', possible loss of data
     1>c:\users\corentin\documents\docs corentin\cours 3a 2k15-2k16\prog av\projet\cells\bubulles\agar\entity.cpp(63): warning C4244: '=': conversion from 'double' to 'float', possible loss of data
     1>c:\users\corentin\documents\docs corentin\cours 3a 2k15-2k16\prog av\projet\cells\bubulles\agar\entity.cpp(67): warning C4244: '=': conversion from 'double' to 'float', possible loss of data
     1>c:\users\corentin\documents\docs corentin\cours 3a 2k15-2k16\prog av\projet\cells\bubulles\agar\entity.cpp(71): warning C4244: '=': conversion from 'double' to 'float', possible loss of data
         Cell.cpp
     1>c:\users\corentin\documents\docs corentin\cours 3a 2k15-2k16\prog av\projet\cells\bubulles\agar\cell.cpp(9): warning C4244: 'argument': conversion from 'int' to 'float', possible loss of data
         Generating Code...
       Link:
         C:\Program Files (x86)\Microsoft Visual Studio 14.0\VC\bin\link.exe /ERRORREPORT:PROMPT /OUT:"C:\Users\corentin\Documents\Docs Corentin\Cours 3A 2k15-2k16\Prog Av\Projet\Cells\Bubulles\Agar\\Build\Debug\Carre.exe" /INCREMENTAL /NOLOGO /LIBPATH:..\SFML\bin\Debug "sfml-audio-d.lib" "sfml-graphics-d.lib" "sfml-main-d.lib" "sfml-network-d.lib" "sfml-system-d.lib" "sfml-window-d.lib" kernel32.lib user32.lib gdi32.lib winspool.lib comdlg32.lib advapi32.lib shell32.lib ole32.lib oleaut32.lib uuid.lib odbc32.lib odbccp32.lib /MANIFEST /MANIFESTUAC:"level='asInvoker' uiAccess='false'" /manifest:embed /Debug /PDB:"C:\Users\corentin\Documents\Docs Corentin\Cours 3A 2k15-2k16\Prog Av\Projet\Cells\Bubulles\Agar\\Build\Debug\Carre.pdb" /SUBSYSTEM:CONSOLE /TLBID:1 /DYNAMICBASE /NXCOMPAT /IMPLIB:"C:\Users\corentin\Documents\Docs Corentin\Cours 3A 2k15-2k16\Prog Av\Projet\Cells\Bubulles\Agar\\Build\Debug\Carre.lib" /MACHINE:X86 Debug\Cell.obj
         Debug\Entity.obj
         Debug\Food.obj
         Debug\Player.obj
         Debug\main.obj
         Carre.vcxproj -> C:\Users\corentin\Documents\Docs Corentin\Cours 3A 2k15-2k16\Prog Av\Projet\Cells\Bubulles\Agar\\Build\Debug\Carre.exe
     1>Done Building Project "C:\Users\corentin\Documents\Docs Corentin\Cours 3A 2k15-2k16\Prog Av\Projet\Cells\Bubulles\Agar\Carre.vcxproj" (Build target(s)).

Build succeeded.

Time Elapsed 00:00:04.69
